<?xml version="1.0" encoding="UTF-8"?>
<!-- Generated by org.testng.reporters.JUnitReportReporter -->
<testsuite hostname="LAPTOP-0062FF7B" failures="0" tests="1" name="scripts.Test4" time="0.001" errors="0" timestamp="2022-08-02T16:44:55 IST" skipped="0">
  <testcase classname="scripts.Test4" name="tc4" time="0.001"/>
  <system-out>
    <![CDATA[Hello Ruby]]>
  </system-out>
</testsuite> <!-- scripts.Test4 -->
