<?xml version="1.0" encoding="UTF-8"?>
<!-- Generated by org.testng.reporters.JUnitReportReporter -->
<testsuite hostname="LAPTOP-0062FF7B" failures="0" tests="1" name="scripts.Test1" time="0.012" errors="0" timestamp="2022-08-02T16:40:28 IST" skipped="0">
  <testcase classname="scripts.Test1" name="tc1" time="0.012"/>
  <system-out>
    <![CDATA[Hello Java]]>
  </system-out>
</testsuite> <!-- scripts.Test1 -->
